["INFO" - 5:12:31 PM] Extension Name: esbenp.prettier-vscode.
["INFO" - 5:12:31 PM] Extension Version: 8.1.0.
["INFO" - 5:12:53 PM] Formatting /home/rhythmrx9/code/jsFiles/websockets/server.js
["INFO" - 5:12:53 PM] Using ignore file (if present) at /home/rhythmrx9/code/jsFiles/websockets/.prettierignore
["INFO" - 5:12:53 PM] File Info:
{
  "ignored": false,
  "inferredParser": "babel"
}
["INFO" - 5:12:53 PM] No local configuration (i.e. .prettierrc or .editorconfig) detected, falling back to VS Code configuration
["INFO" - 5:12:53 PM] Prettier Options:
{
  "arrowParens": "always",
  "bracketSpacing": true,
  "endOfLine": "lf",
  "htmlWhitespaceSensitivity": "css",
  "insertPragma": false,
  "jsxBracketSameLine": false,
  "jsxSingleQuote": false,
  "printWidth": 80,
  "proseWrap": "preserve",
  "quoteProps": "as-needed",
  "requirePragma": false,
  "semi": true,
  "singleQuote": false,
  "tabWidth": 2,
  "trailingComma": "es5",
  "useTabs": false,
  "vueIndentScriptAndStyle": false,
  "filepath": "/home/rhythmrx9/code/jsFiles/websockets/server.js",
  "parser": "babel"
}
["INFO" - 5:12:53 PM] Formatting completed in 220.6091ms.
