Looking for git in: git
Using git 2.32.0 from git
Opening repository for path='/home/rhythmrx9/.local/share/apks/ludoking' failed; ex=Failed to execute git {
  "exitCode": 128,
  "gitErrorCode": "NotAGitRepository",
  "gitCommand": "rev-parse",
  "stdout": "",
  "stderr": "fatal: not a git repository (or any of the parent directories): .git\n"
}
Opening repository for path='/home/rhythmrx9/.local/share/apks/ludoking/AndroidManifest.xml' failed; ex=Error: spawn ENOTDIR
Opening repository for path='/home/rhythmrx9/.local/share/apks/ludoking/apktool.yml' failed; ex=Error: spawn ENOTDIR
Opening repository for path='/home/rhythmrx9/.local/share/apks/ludoking/assets' failed; ex=Failed to execute git {
  "exitCode": 128,
  "gitErrorCode": "NotAGitRepository",
  "gitCommand": "rev-parse",
  "stdout": "",
  "stderr": "fatal: not a git repository (or any of the parent directories): .git\n"
}
Opening repository for path='/home/rhythmrx9/.local/share/apks/ludoking/classes-dex2jar.jar' failed; ex=Error: spawn ENOTDIR
Opening repository for path='/home/rhythmrx9/.local/share/apks/ludoking/classes.dex' failed; ex=Error: spawn ENOTDIR
Opening repository for path='/home/rhythmrx9/.local/share/apks/ludoking/classes2.dex' failed; ex=Error: spawn ENOTDIR
Opening repository for path='/home/rhythmrx9/.local/share/apks/ludoking/lib' failed; ex=Failed to execute git {
  "exitCode": 128,
  "gitErrorCode": "NotAGitRepository",
  "gitCommand": "rev-parse",
  "stdout": "",
  "stderr": "fatal: not a git repository (or any of the parent directories): .git\n"
}
Opening repository for path='/home/rhythmrx9/.local/share/apks/ludoking/original' failed; ex=Failed to execute git {
  "exitCode": 128,
  "gitErrorCode": "NotAGitRepository",
  "gitCommand": "rev-parse",
  "stdout": "",
  "stderr": "fatal: not a git repository (or any of the parent directories): .git\n"
}
Opening repository for path='/home/rhythmrx9/.local/share/apks/ludoking/res' failed; ex=Failed to execute git {
  "exitCode": 128,
  "gitErrorCode": "NotAGitRepository",
  "gitCommand": "rev-parse",
  "stdout": "",
  "stderr": "fatal: not a git repository (or any of the parent directories): .git\n"
}
Opening repository for path='/home/rhythmrx9/.local/share/apks/ludoking/unknown' failed; ex=Failed to execute git {
  "exitCode": 128,
  "gitErrorCode": "NotAGitRepository",
  "gitCommand": "rev-parse",
  "stdout": "",
  "stderr": "fatal: not a git repository (or any of the parent directories): .git\n"
}
Opening repository for path='/home/rhythmrx9/.local/share/apks/ludoking' failed; ex=Failed to execute git {
  "exitCode": 128,
  "gitErrorCode": "NotAGitRepository",
  "gitCommand": "rev-parse",
  "stdout": "",
  "stderr": "fatal: not a git repository (or any of the parent directories): .git\n"
}
Opening repository for path='/home/rhythmrx9/.local/share/apks/ludoking' failed; ex=Failed to execute git {
  "exitCode": 128,
  "gitErrorCode": "NotAGitRepository",
  "gitCommand": "rev-parse",
  "stdout": "",
  "stderr": "fatal: not a git repository (or any of the parent directories): .git\n"
}
