[2021-08-05 16:32:32.238] [exthost] [info] extension host started
[2021-08-05 16:32:32.317] [exthost] [info] Lock '/home/rhythmrx9/.config/Code - OSS/User/workspaceStorage/f61a6c204b35d85f7e0b5e87064be22e/vscode.lock': Lock acquired.
[2021-08-05 16:32:32.481] [exthost] [info] ExtensionService#_doActivateExtension vscode.debug-auto-launch {"startup":true,"extensionId":{"value":"vscode.debug-auto-launch","_lower":"vscode.debug-auto-launch"},"activationEvent":"*"}
[2021-08-05 16:32:32.481] [exthost] [info] ExtensionService#loadCommonJSModule file:///usr/lib/code/extensions/debug-auto-launch/dist/extension
[2021-08-05 16:32:32.485] [exthost] [info] ExtensionService#_doActivateExtension vscode.git {"startup":true,"extensionId":{"value":"vscode.github","_lower":"vscode.github"},"activationEvent":"*"}
[2021-08-05 16:32:32.485] [exthost] [info] ExtensionService#loadCommonJSModule file:///usr/lib/code/extensions/git/dist/main
[2021-08-05 16:32:32.521] [exthost] [info] ExtensionService#_doActivateExtension zhuangtongfa.material-theme {"startup":true,"extensionId":{"value":"zhuangtongfa.material-theme","_lower":"zhuangtongfa.material-theme"},"activationEvent":"*"}
[2021-08-05 16:32:32.521] [exthost] [info] ExtensionService#loadCommonJSModule file:///home/rhythmrx9/.vscode-oss/extensions/zhuangtongfa.material-theme-3.11.2/out/extension.js
[2021-08-05 16:32:32.558] [exthost] [error] Activating extension zhuangtongfa.material-theme failed due to an error:
[2021-08-05 16:32:32.558] [exthost] [error] Error: Cannot find module '/home/rhythmrx9/.vscode-oss/extensions/zhuangtongfa.material-theme-3.11.2/node_modules/marked/src/marked.js'. Please verify that the package.json has a valid "main" entry
	at tryPackage (internal/modules/cjs/loader.js:310:19)
	at Function.Module._findPath (internal/modules/cjs/loader.js:523:18)
	at Function.Module._resolveFilename (internal/modules/cjs/loader.js:874:27)
	at Module._load (internal/modules/cjs/loader.js:732:27)
	at Function.f._load (electron/js2c/asar_bundle.js:5:12913)
	at Function.s._load (/usr/lib/code/out/vs/workbench/services/extensions/node/extensionHostProcess.js:103:27800)
	at Function.b._load (/usr/lib/code/out/vs/workbench/services/extensions/node/extensionHostProcess.js:103:24471)
	at Function.l._load (/usr/lib/code/out/vs/workbench/services/extensions/node/extensionHostProcess.js:93:59004)
	at Module.require (internal/modules/cjs/loader.js:959:19)
	at v (/usr/lib/code/out/vs/loader.js:4:698)
	at Object.<anonymous> (/home/rhythmrx9/.vscode-oss/extensions/zhuangtongfa.material-theme-3.11.2/out/webviews/Changelog.js:7:16)
	at Module.u._compile (/usr/lib/code/out/vs/loader.js:4:1315)
	at Object.Module._extensions..js (internal/modules/cjs/loader.js:1108:10)
	at Module.load (internal/modules/cjs/loader.js:935:32)
	at Module._load (internal/modules/cjs/loader.js:776:14)
	at Function.f._load (electron/js2c/asar_bundle.js:5:12913)
	at Function.s._load (/usr/lib/code/out/vs/workbench/services/extensions/node/extensionHostProcess.js:103:27800)
	at Function.b._load (/usr/lib/code/out/vs/workbench/services/extensions/node/extensionHostProcess.js:103:24471)
	at Function.l._load (/usr/lib/code/out/vs/workbench/services/extensions/node/extensionHostProcess.js:93:59004)
	at Module.require (internal/modules/cjs/loader.js:959:19)
	at v (/usr/lib/code/out/vs/loader.js:4:698)
	at Object.<anonymous> (/home/rhythmrx9/.vscode-oss/extensions/zhuangtongfa.material-theme-3.11.2/out/extension.js:16:21)
	at Module.u._compile (/usr/lib/code/out/vs/loader.js:4:1315)
	at Object.Module._extensions..js (internal/modules/cjs/loader.js:1108:10)
	at Module.load (internal/modules/cjs/loader.js:935:32)
	at Module._load (internal/modules/cjs/loader.js:776:14)
	at Function.f._load (electron/js2c/asar_bundle.js:5:12913)
	at Function.s._load (/usr/lib/code/out/vs/workbench/services/extensions/node/extensionHostProcess.js:103:27800)
	at Function.b._load (/usr/lib/code/out/vs/workbench/services/extensions/node/extensionHostProcess.js:103:24471)
	at Function.l._load (/usr/lib/code/out/vs/workbench/services/extensions/node/extensionHostProcess.js:93:59004)
	at Module.require (internal/modules/cjs/loader.js:959:19)
	at require (internal/modules/cjs/helpers.js:88:18)
	at Function.t [as __$__nodeRequire] (/usr/lib/code/out/vs/loader.js:5:101)
	at c._loadCommonJSModule (/usr/lib/code/out/vs/workbench/services/extensions/node/extensionHostProcess.js:103:25877)
	at c._doActivateExtension (/usr/lib/code/out/vs/workbench/services/extensions/node/extensionHostProcess.js:89:12556)
	at c._activateExtension (/usr/lib/code/out/vs/workbench/services/extensions/node/extensionHostProcess.js:89:11657)
	at processTicksAndRejections (internal/process/task_queues.js:93:5)
	at async Promise.all (index 2)
	at async Promise.all (index 0)
[2021-08-05 16:32:32.755] [exthost] [info] ExtensionService#_doActivateExtension vscode.github {"startup":true,"extensionId":{"value":"vscode.github","_lower":"vscode.github"},"activationEvent":"*"}
[2021-08-05 16:32:32.755] [exthost] [info] ExtensionService#loadCommonJSModule file:///usr/lib/code/extensions/github/dist/extension.js
[2021-08-05 16:32:32.843] [exthost] [info] ExtensionService#_doActivateExtension ms-vscode.js-debug {"startup":false,"extensionId":{"value":"ms-vscode.js-debug","_lower":"ms-vscode.js-debug"},"activationEvent":"onCommand:extension.js-debug.clearAutoAttachVariables"}
[2021-08-05 16:32:32.843] [exthost] [info] ExtensionService#loadCommonJSModule file:///usr/lib/code/extensions/ms-vscode.js-debug/src/extension.js
[2021-08-05 16:32:33.242] [exthost] [info] eager extensions activated
[2021-08-05 16:32:33.248] [exthost] [info] ExtensionService#_doActivateExtension vscode.emmet {"startup":false,"extensionId":{"value":"vscode.emmet","_lower":"vscode.emmet"},"activationEvent":"onStartupFinished"}
[2021-08-05 16:32:33.248] [exthost] [info] ExtensionService#loadCommonJSModule file:///usr/lib/code/extensions/emmet/dist/node/emmetNodeMain
[2021-08-05 16:32:33.254] [exthost] [info] ExtensionService#_doActivateExtension vscode.merge-conflict {"startup":false,"extensionId":{"value":"vscode.merge-conflict","_lower":"vscode.merge-conflict"},"activationEvent":"onStartupFinished"}
[2021-08-05 16:32:33.254] [exthost] [info] ExtensionService#loadCommonJSModule file:///usr/lib/code/extensions/merge-conflict/dist/mergeConflictMain
[2021-08-05 16:32:33.256] [exthost] [info] ExtensionService#_doActivateExtension vscode.testing-editor-contributions {"startup":false,"extensionId":{"value":"vscode.testing-editor-contributions","_lower":"vscode.testing-editor-contributions"},"activationEvent":"onStartupFinished"}
[2021-08-05 16:32:33.256] [exthost] [info] ExtensionService#loadCommonJSModule file:///usr/lib/code/extensions/testing-editor-contributions/dist/extension.js
[2021-08-05 16:32:33.257] [exthost] [info] ExtensionService#_doActivateExtension esbenp.prettier-vscode {"startup":false,"extensionId":{"value":"esbenp.prettier-vscode","_lower":"esbenp.prettier-vscode"},"activationEvent":"onStartupFinished"}
[2021-08-05 16:32:33.257] [exthost] [info] ExtensionService#loadCommonJSModule file:///home/rhythmrx9/.vscode-oss/extensions/esbenp.prettier-vscode-8.0.1/dist/extension
[2021-08-05 16:33:07.140] [exthost] [info] extension host terminating: renderer closed the socket
[2021-08-05 16:33:07.140] [exthost] [info] Lock '/home/rhythmrx9/.config/Code - OSS/User/workspaceStorage/f61a6c204b35d85f7e0b5e87064be22e/vscode.lock': Marking the lockfile as scheduled to be released in 6000 ms.
[2021-08-05 16:33:08.148] [exthost] [info] exiting with code 0
[2021-08-05 16:33:08.632] [exthost] [info] extension host started
[2021-08-05 16:33:08.675] [exthost] [info] Lock '/home/rhythmrx9/.config/Code - OSS/User/workspaceStorage/b4fa806e1c8a1db5e88a6bfe23f33b4e/vscode.lock': Lock acquired.
[2021-08-05 16:33:08.737] [exthost] [info] ExtensionService#_doActivateExtension vscode.debug-auto-launch {"startup":true,"extensionId":{"value":"vscode.debug-auto-launch","_lower":"vscode.debug-auto-launch"},"activationEvent":"*"}
[2021-08-05 16:33:08.737] [exthost] [info] ExtensionService#loadCommonJSModule file:///usr/lib/code/extensions/debug-auto-launch/dist/extension
[2021-08-05 16:33:08.740] [exthost] [info] ExtensionService#_doActivateExtension vscode.git {"startup":true,"extensionId":{"value":"vscode.github","_lower":"vscode.github"},"activationEvent":"*"}
[2021-08-05 16:33:08.740] [exthost] [info] ExtensionService#loadCommonJSModule file:///usr/lib/code/extensions/git/dist/main
[2021-08-05 16:33:08.760] [exthost] [info] ExtensionService#_doActivateExtension zhuangtongfa.material-theme {"startup":true,"extensionId":{"value":"zhuangtongfa.material-theme","_lower":"zhuangtongfa.material-theme"},"activationEvent":"*"}
[2021-08-05 16:33:08.760] [exthost] [info] ExtensionService#loadCommonJSModule file:///home/rhythmrx9/.vscode-oss/extensions/zhuangtongfa.material-theme-3.11.2/out/extension.js
[2021-08-05 16:33:08.767] [exthost] [error] Activating extension zhuangtongfa.material-theme failed due to an error:
[2021-08-05 16:33:08.767] [exthost] [error] Error: Cannot find module '/home/rhythmrx9/.vscode-oss/extensions/zhuangtongfa.material-theme-3.11.2/node_modules/marked/src/marked.js'. Please verify that the package.json has a valid "main" entry
	at tryPackage (internal/modules/cjs/loader.js:310:19)
	at Function.Module._findPath (internal/modules/cjs/loader.js:523:18)
	at Function.Module._resolveFilename (internal/modules/cjs/loader.js:874:27)
	at Module._load (internal/modules/cjs/loader.js:732:27)
	at Function.f._load (electron/js2c/asar_bundle.js:5:12913)
	at Function.s._load (/usr/lib/code/out/vs/workbench/services/extensions/node/extensionHostProcess.js:103:27800)
	at Function.b._load (/usr/lib/code/out/vs/workbench/services/extensions/node/extensionHostProcess.js:103:24471)
	at Function.l._load (/usr/lib/code/out/vs/workbench/services/extensions/node/extensionHostProcess.js:93:59004)
	at Module.require (internal/modules/cjs/loader.js:959:19)
	at v (/usr/lib/code/out/vs/loader.js:4:698)
	at Object.<anonymous> (/home/rhythmrx9/.vscode-oss/extensions/zhuangtongfa.material-theme-3.11.2/out/webviews/Changelog.js:7:16)
	at Module.u._compile (/usr/lib/code/out/vs/loader.js:4:1315)
	at Object.Module._extensions..js (internal/modules/cjs/loader.js:1108:10)
	at Module.load (internal/modules/cjs/loader.js:935:32)
	at Module._load (internal/modules/cjs/loader.js:776:14)
	at Function.f._load (electron/js2c/asar_bundle.js:5:12913)
	at Function.s._load (/usr/lib/code/out/vs/workbench/services/extensions/node/extensionHostProcess.js:103:27800)
	at Function.b._load (/usr/lib/code/out/vs/workbench/services/extensions/node/extensionHostProcess.js:103:24471)
	at Function.l._load (/usr/lib/code/out/vs/workbench/services/extensions/node/extensionHostProcess.js:93:59004)
	at Module.require (internal/modules/cjs/loader.js:959:19)
	at v (/usr/lib/code/out/vs/loader.js:4:698)
	at Object.<anonymous> (/home/rhythmrx9/.vscode-oss/extensions/zhuangtongfa.material-theme-3.11.2/out/extension.js:16:21)
	at Module.u._compile (/usr/lib/code/out/vs/loader.js:4:1315)
	at Object.Module._extensions..js (internal/modules/cjs/loader.js:1108:10)
	at Module.load (internal/modules/cjs/loader.js:935:32)
	at Module._load (internal/modules/cjs/loader.js:776:14)
	at Function.f._load (electron/js2c/asar_bundle.js:5:12913)
	at Function.s._load (/usr/lib/code/out/vs/workbench/services/extensions/node/extensionHostProcess.js:103:27800)
	at Function.b._load (/usr/lib/code/out/vs/workbench/services/extensions/node/extensionHostProcess.js:103:24471)
	at Function.l._load (/usr/lib/code/out/vs/workbench/services/extensions/node/extensionHostProcess.js:93:59004)
	at Module.require (internal/modules/cjs/loader.js:959:19)
	at require (internal/modules/cjs/helpers.js:88:18)
	at Function.t [as __$__nodeRequire] (/usr/lib/code/out/vs/loader.js:5:101)
	at c._loadCommonJSModule (/usr/lib/code/out/vs/workbench/services/extensions/node/extensionHostProcess.js:103:25877)
	at c._doActivateExtension (/usr/lib/code/out/vs/workbench/services/extensions/node/extensionHostProcess.js:89:12556)
	at c._activateExtension (/usr/lib/code/out/vs/workbench/services/extensions/node/extensionHostProcess.js:89:11657)
	at processTicksAndRejections (internal/process/task_queues.js:93:5)
	at async Promise.all (index 2)
	at async Promise.all (index 0)
[2021-08-05 16:33:08.836] [exthost] [info] ExtensionService#_doActivateExtension vscode.github {"startup":true,"extensionId":{"value":"vscode.github","_lower":"vscode.github"},"activationEvent":"*"}
[2021-08-05 16:33:08.836] [exthost] [info] ExtensionService#loadCommonJSModule file:///usr/lib/code/extensions/github/dist/extension.js
[2021-08-05 16:33:08.857] [exthost] [info] ExtensionService#_doActivateExtension ms-vscode.js-debug {"startup":false,"extensionId":{"value":"ms-vscode.js-debug","_lower":"ms-vscode.js-debug"},"activationEvent":"onCommand:extension.js-debug.clearAutoAttachVariables"}
[2021-08-05 16:33:08.857] [exthost] [info] ExtensionService#loadCommonJSModule file:///usr/lib/code/extensions/ms-vscode.js-debug/src/extension.js
[2021-08-05 16:33:09.015] [exthost] [info] eager extensions activated
[2021-08-05 16:33:09.019] [exthost] [info] ExtensionService#_doActivateExtension vscode.emmet {"startup":false,"extensionId":{"value":"vscode.emmet","_lower":"vscode.emmet"},"activationEvent":"onStartupFinished"}
[2021-08-05 16:33:09.019] [exthost] [info] ExtensionService#loadCommonJSModule file:///usr/lib/code/extensions/emmet/dist/node/emmetNodeMain
[2021-08-05 16:33:09.024] [exthost] [info] ExtensionService#_doActivateExtension vscode.merge-conflict {"startup":false,"extensionId":{"value":"vscode.merge-conflict","_lower":"vscode.merge-conflict"},"activationEvent":"onStartupFinished"}
[2021-08-05 16:33:09.024] [exthost] [info] ExtensionService#loadCommonJSModule file:///usr/lib/code/extensions/merge-conflict/dist/mergeConflictMain
[2021-08-05 16:33:09.025] [exthost] [info] ExtensionService#_doActivateExtension vscode.testing-editor-contributions {"startup":false,"extensionId":{"value":"vscode.testing-editor-contributions","_lower":"vscode.testing-editor-contributions"},"activationEvent":"onStartupFinished"}
[2021-08-05 16:33:09.025] [exthost] [info] ExtensionService#loadCommonJSModule file:///usr/lib/code/extensions/testing-editor-contributions/dist/extension.js
[2021-08-05 16:33:09.026] [exthost] [info] ExtensionService#_doActivateExtension esbenp.prettier-vscode {"startup":false,"extensionId":{"value":"esbenp.prettier-vscode","_lower":"esbenp.prettier-vscode"},"activationEvent":"onStartupFinished"}
[2021-08-05 16:33:09.026] [exthost] [info] ExtensionService#loadCommonJSModule file:///home/rhythmrx9/.vscode-oss/extensions/esbenp.prettier-vscode-8.0.1/dist/extension
[2021-08-05 16:36:11.561] [exthost] [info] ExtensionService#_doActivateExtension llvm-vs-code-extensions.vscode-clangd {"startup":false,"extensionId":{"value":"llvm-vs-code-extensions.vscode-clangd","_lower":"llvm-vs-code-extensions.vscode-clangd"},"activationEvent":"onLanguage:c"}
[2021-08-05 16:36:11.561] [exthost] [info] ExtensionService#loadCommonJSModule file:///home/rhythmrx9/.vscode-oss/extensions/llvm-vs-code-extensions.vscode-clangd-0.1.11/out/src/extension
[2021-08-05 16:52:35.268] [exthost] [info] extension host terminating: renderer closed the socket
[2021-08-05 16:52:35.268] [exthost] [info] Lock '/home/rhythmrx9/.config/Code - OSS/User/workspaceStorage/b4fa806e1c8a1db5e88a6bfe23f33b4e/vscode.lock': Marking the lockfile as scheduled to be released in 6000 ms.
[2021-08-05 16:52:36.283] [exthost] [info] exiting with code 0
