["INFO" - 1:39:29 PM] Extension Name: esbenp.prettier-vscode.
["INFO" - 1:39:29 PM] Extension Version: 8.1.0.
["INFO" - 1:40:06 PM] Formatting /home/rhythmrx9/code/jsFiles/websockets/server.js
["INFO" - 1:40:06 PM] Using ignore file (if present) at /home/rhythmrx9/code/jsFiles/websockets/.prettierignore
["INFO" - 1:40:06 PM] File Info:
{
  "ignored": false,
  "inferredParser": "babel"
}
["INFO" - 1:40:06 PM] No local configuration (i.e. .prettierrc or .editorconfig) detected, falling back to VS Code configuration
["INFO" - 1:40:06 PM] Prettier Options:
{
  "arrowParens": "always",
  "bracketSpacing": true,
  "endOfLine": "lf",
  "htmlWhitespaceSensitivity": "css",
  "insertPragma": false,
  "jsxBracketSameLine": false,
  "jsxSingleQuote": false,
  "printWidth": 80,
  "proseWrap": "preserve",
  "quoteProps": "as-needed",
  "requirePragma": false,
  "semi": true,
  "singleQuote": false,
  "tabWidth": 2,
  "trailingComma": "es5",
  "useTabs": false,
  "vueIndentScriptAndStyle": false,
  "filepath": "/home/rhythmrx9/code/jsFiles/websockets/server.js",
  "parser": "babel"
}
["INFO" - 1:40:06 PM] Formatting completed in 96.717168ms.
["INFO" - 1:40:07 PM] Formatting /home/rhythmrx9/code/jsFiles/websockets/package.json
["INFO" - 1:40:07 PM] Using ignore file (if present) at /home/rhythmrx9/code/jsFiles/websockets/.prettierignore
["INFO" - 1:40:07 PM] File Info:
{
  "ignored": false,
  "inferredParser": "json-stringify"
}
["INFO" - 1:40:07 PM] No local configuration (i.e. .prettierrc or .editorconfig) detected, falling back to VS Code configuration
["INFO" - 1:40:07 PM] Prettier Options:
{
  "arrowParens": "always",
  "bracketSpacing": true,
  "endOfLine": "lf",
  "htmlWhitespaceSensitivity": "css",
  "insertPragma": false,
  "jsxBracketSameLine": false,
  "jsxSingleQuote": false,
  "printWidth": 80,
  "proseWrap": "preserve",
  "quoteProps": "as-needed",
  "requirePragma": false,
  "semi": true,
  "singleQuote": false,
  "tabWidth": 2,
  "trailingComma": "es5",
  "useTabs": false,
  "vueIndentScriptAndStyle": false,
  "filepath": "/home/rhythmrx9/code/jsFiles/websockets/package.json",
  "parser": "json-stringify"
}
["INFO" - 1:40:07 PM] Formatting completed in 76.723258ms.
["INFO" - 1:42:11 PM] Formatting /home/rhythmrx9/code/jsFiles/websockets/server.js
["INFO" - 1:42:11 PM] Using ignore file (if present) at /home/rhythmrx9/code/jsFiles/websockets/.prettierignore
["INFO" - 1:42:11 PM] File Info:
{
  "ignored": false,
  "inferredParser": "babel"
}
["INFO" - 1:42:11 PM] No local configuration (i.e. .prettierrc or .editorconfig) detected, falling back to VS Code configuration
["INFO" - 1:42:11 PM] Prettier Options:
{
  "arrowParens": "always",
  "bracketSpacing": true,
  "endOfLine": "lf",
  "htmlWhitespaceSensitivity": "css",
  "insertPragma": false,
  "jsxBracketSameLine": false,
  "jsxSingleQuote": false,
  "printWidth": 80,
  "proseWrap": "preserve",
  "quoteProps": "as-needed",
  "requirePragma": false,
  "semi": true,
  "singleQuote": false,
  "tabWidth": 2,
  "trailingComma": "es5",
  "useTabs": false,
  "vueIndentScriptAndStyle": false,
  "filepath": "/home/rhythmrx9/code/jsFiles/websockets/server.js",
  "parser": "babel"
}
["INFO" - 1:42:11 PM] Formatting completed in 58.110332ms.
["INFO" - 3:33:31 PM] Formatting /home/rhythmrx9/code/jsFiles/websockets/server.js
["INFO" - 3:33:31 PM] Using ignore file (if present) at /home/rhythmrx9/code/jsFiles/websockets/.prettierignore
["INFO" - 3:33:31 PM] File Info:
{
  "ignored": false,
  "inferredParser": "babel"
}
["INFO" - 3:33:31 PM] No local configuration (i.e. .prettierrc or .editorconfig) detected, falling back to VS Code configuration
["INFO" - 3:33:31 PM] Prettier Options:
{
  "arrowParens": "always",
  "bracketSpacing": true,
  "endOfLine": "lf",
  "htmlWhitespaceSensitivity": "css",
  "insertPragma": false,
  "jsxBracketSameLine": false,
  "jsxSingleQuote": false,
  "printWidth": 80,
  "proseWrap": "preserve",
  "quoteProps": "as-needed",
  "requirePragma": false,
  "semi": true,
  "singleQuote": false,
  "tabWidth": 2,
  "trailingComma": "es5",
  "useTabs": false,
  "vueIndentScriptAndStyle": false,
  "filepath": "/home/rhythmrx9/code/jsFiles/websockets/server.js",
  "parser": "babel"
}
["INFO" - 3:33:31 PM] Formatting completed in 18.336434ms.
["INFO" - 3:33:57 PM] Formatting /home/rhythmrx9/code/jsFiles/websockets/server.js
["INFO" - 3:33:57 PM] Using ignore file (if present) at /home/rhythmrx9/code/jsFiles/websockets/.prettierignore
["INFO" - 3:33:57 PM] File Info:
{
  "ignored": false,
  "inferredParser": "babel"
}
["INFO" - 3:33:57 PM] No local configuration (i.e. .prettierrc or .editorconfig) detected, falling back to VS Code configuration
["INFO" - 3:33:57 PM] Prettier Options:
{
  "arrowParens": "always",
  "bracketSpacing": true,
  "endOfLine": "lf",
  "htmlWhitespaceSensitivity": "css",
  "insertPragma": false,
  "jsxBracketSameLine": false,
  "jsxSingleQuote": false,
  "printWidth": 80,
  "proseWrap": "preserve",
  "quoteProps": "as-needed",
  "requirePragma": false,
  "semi": true,
  "singleQuote": false,
  "tabWidth": 2,
  "trailingComma": "es5",
  "useTabs": false,
  "vueIndentScriptAndStyle": false,
  "filepath": "/home/rhythmrx9/code/jsFiles/websockets/server.js",
  "parser": "babel"
}
["INFO" - 3:33:57 PM] Formatting completed in 13.641943ms.
