Looking for git in: git
Using git 2.32.0 from git
Opening repository for path='/home/rhythmrx9/code/JsFiles' failed; ex=Failed to execute git {
  "exitCode": 128,
  "gitErrorCode": "NotAGitRepository",
  "gitCommand": "rev-parse",
  "stdout": "",
  "stderr": "fatal: not a git repository (or any of the parent directories): .git\n"
}
Opening repository for path='/home/rhythmrx9/code/JsFiles/Testing' failed; ex=Failed to execute git {
  "exitCode": 128,
  "gitErrorCode": "NotAGitRepository",
  "gitCommand": "rev-parse",
  "stdout": "",
  "stderr": "fatal: not a git repository (or any of the parent directories): .git\n"
}
Opening repository for path='/home/rhythmrx9/code/JsFiles/async.js' failed; ex=Error: spawn ENOTDIR
Opening repository for path='/home/rhythmrx9/code/JsFiles/db.js' failed; ex=Error: spawn ENOTDIR
Opening repository for path='/home/rhythmrx9/code/JsFiles/fileReader.js' failed; ex=Error: spawn ENOTDIR
Opening repository for path='/home/rhythmrx9/code/JsFiles/index.html' failed; ex=Error: spawn ENOTDIR
Opening repository for path='/home/rhythmrx9/code/JsFiles/index.js' failed; ex=Error: spawn ENOTDIR
Opening repository for path='/home/rhythmrx9/code/JsFiles/models' failed; ex=Failed to execute git {
  "exitCode": 128,
  "gitErrorCode": "NotAGitRepository",
  "gitCommand": "rev-parse",
  "stdout": "",
  "stderr": "fatal: not a git repository (or any of the parent directories): .git\n"
}
Opening repository for path='/home/rhythmrx9/code/JsFiles/package-lock.json' failed; ex=Error: spawn ENOTDIR
Opening repository for path='/home/rhythmrx9/code/JsFiles/package.json' failed; ex=Error: spawn ENOTDIR
Opening repository for path='/home/rhythmrx9/code/JsFiles/pug' failed; ex=Failed to execute git {
  "exitCode": 128,
  "gitErrorCode": "NotAGitRepository",
  "gitCommand": "rev-parse",
  "stdout": "",
  "stderr": "fatal: not a git repository (or any of the parent directories): .git\n"
}
Opening repository for path='/home/rhythmrx9/code/JsFiles/styles' failed; ex=Failed to execute git {
  "exitCode": 128,
  "gitErrorCode": "NotAGitRepository",
  "gitCommand": "rev-parse",
  "stdout": "",
  "stderr": "fatal: not a git repository (or any of the parent directories): .git\n"
}
Opening repository for path='/home/rhythmrx9/code/JsFiles/views' failed; ex=Failed to execute git {
  "exitCode": 128,
  "gitErrorCode": "NotAGitRepository",
  "gitCommand": "rev-parse",
  "stdout": "",
  "stderr": "fatal: not a git repository (or any of the parent directories): .git\n"
}
Opening repository for path='/home/rhythmrx9/code/JsFiles' failed; ex=Failed to execute git {
  "exitCode": 128,
  "gitErrorCode": "NotAGitRepository",
  "gitCommand": "rev-parse",
  "stdout": "",
  "stderr": "fatal: not a git repository (or any of the parent directories): .git\n"
}
Opening repository for path='/home/rhythmrx9/code/JsFiles' failed; ex=Failed to execute git {
  "exitCode": 128,
  "gitErrorCode": "NotAGitRepository",
  "gitCommand": "rev-parse",
  "stdout": "",
  "stderr": "fatal: not a git repository (or any of the parent directories): .git\n"
}
Opening repository for path='/home/rhythmrx9/code/JsFiles' failed; ex=Failed to execute git {
  "exitCode": 128,
  "gitErrorCode": "NotAGitRepository",
  "gitCommand": "rev-parse",
  "stdout": "",
  "stderr": "fatal: not a git repository (or any of the parent directories): .git\n"
}
Opening repository for path='/home/rhythmrx9/code/JsFiles' failed; ex=Failed to execute git {
  "exitCode": 128,
  "gitErrorCode": "NotAGitRepository",
  "gitCommand": "rev-parse",
  "stdout": "",
  "stderr": "fatal: not a git repository (or any of the parent directories): .git\n"
}
